Seq Scan on orders  (cost=0.00..36429.00 rows=1500000 width=116) (actual time=0.121..209.457 rows=1500000 loops=1)
Planning Time: 0.545 ms
Execution Time: 242.752 ms
